c:\users\pg14yassine\desktop\c++ oop advance\week 5\enginexforstudent\outgame\vc141.pdb
c:\users\pg14yassine\desktop\c++ oop advance\week 5\enginexforstudent\outgame\vc141.idb
c:\users\pg14yassine\desktop\c++ oop advance\week 5\enginexforstudent\outgame\main.obj
c:\users\pg14yassine\desktop\c++ oop advance\week 5\enginexforstudent\outgame\game.obj
c:\users\pg14yassine\desktop\c++ oop advance\week 5\enginexforstudent\outgame\gameobject.obj
c:\users\pg14yassine\desktop\c++ oop advance\week 5\enginexforstudent\outgame\fsmstate.obj
c:\users\pg14yassine\desktop\c++ oop advance\week 5\enginexforstudent\outgame\fsm.obj
c:\users\pg14yassine\desktop\c++ oop advance\week 5\enginexforstudent\outgame\fsmgreen.obj
c:\users\pg14yassine\desktop\c++ oop advance\week 5\enginexforstudent\outgame\fsmlight.obj
c:\users\pg14yassine\desktop\c++ oop advance\week 5\enginexforstudent\outgame\fsmred.obj
c:\users\pg14yassine\desktop\c++ oop advance\week 5\enginexforstudent\outgame\fsmyellow.obj
c:\users\pg14yassine\desktop\c++ oop advance\week 5\enginexforstudent\build\gameenginexd.exe
c:\users\pg14yassine\desktop\c++ oop advance\week 5\enginexforstudent\build\gameenginexd.ilk
c:\users\pg14yassine\desktop\c++ oop advance\week 5\enginexforstudent\build\gameenginexd.pdb
c:\users\pg14yassine\desktop\c++ oop advance\week 5\enginexforstudent\outgame\gameenginex.tlog\cl.command.1.tlog
c:\users\pg14yassine\desktop\c++ oop advance\week 5\enginexforstudent\outgame\gameenginex.tlog\cl.read.1.tlog
c:\users\pg14yassine\desktop\c++ oop advance\week 5\enginexforstudent\outgame\gameenginex.tlog\cl.write.1.tlog
c:\users\pg14yassine\desktop\c++ oop advance\week 5\enginexforstudent\outgame\gameenginex.tlog\link.10116.read.1.tlog
c:\users\pg14yassine\desktop\c++ oop advance\week 5\enginexforstudent\outgame\gameenginex.tlog\link.10116.write.1.tlog
c:\users\pg14yassine\desktop\c++ oop advance\week 5\enginexforstudent\outgame\gameenginex.tlog\link.command.1.tlog
c:\users\pg14yassine\desktop\c++ oop advance\week 5\enginexforstudent\outgame\gameenginex.tlog\link.read.1.tlog
c:\users\pg14yassine\desktop\c++ oop advance\week 5\enginexforstudent\outgame\gameenginex.tlog\link.write.1.tlog
